============================= test session starts =============================
platform win32 -- Python 3.11.13, pytest-8.4.1, pluggy-1.6.0 -- C:\Users\thami\Documents\GitHub\ExaltAI_Hotel_Booking_System\.venv\Scripts\python.exe
cachedir: .pytest_cache
rootdir: C:\Users\thami\Documents\GitHub\ExaltAI_Hotel_Booking_System
configfile: pyproject.toml
plugins: anyio-4.9.0, cov-6.2.1, typeguard-2.13.3
collecting ... collected 9 items / 1 error

=================================== ERRORS ====================================
________________ ERROR collecting tests/api/test_endpoints.py _________________
.venv\Lib\site-packages\starlette\testclient.py:44: in <module>
    import httpx
E   ModuleNotFoundError: No module named 'httpx'

During handling of the above exception, another exception occurred:
tests\api\test_endpoints.py:1: in <module>
    from fastapi.testclient import TestClient
.venv\Lib\site-packages\fastapi\testclient.py:1: in <module>
    from starlette.testclient import TestClient as TestClient  # noqa
    ^^^^^^^^^^^^^^^^^^^^^^^^^^^^^^^^^^^^^^^^^^^^^^^^^^^^^^^^^
.venv\Lib\site-packages\starlette\testclient.py:46: in <module>
    raise RuntimeError(
E   RuntimeError: The starlette.testclient module requires the httpx package to be installed.
E   You can install this with:
E       $ pip install httpx
=========================== short test summary info ===========================
ERROR tests/api/test_endpoints.py - RuntimeError: The starlette.testclient mo...
!!!!!!!!!!!!!!!!!!! Interrupted: 1 error during collection !!!!!!!!!!!!!!!!!!!!
============================== 1 error in 0.86s ===============================
